<?xml version="1.0" encoding="UTF-8"?>
<testsuite xmlns:xsi="http://www.w3.org/2001/XMLSchema-instance" xsi:noNamespaceSchemaLocation="https://maven.apache.org/surefire/maven-surefire-plugin/xsd/surefire-test-report-3.0.xsd" version="3.0" name="com.generation.tools.codegen.utils.PathBuilderTest" time="0.116" tests="43" errors="0" skipped="0" failures="0">
  <properties>
[...]
</properties>
  <testcase name="buildsPathWithSubstitutionFollowedByPercent" classname="com.generation.tools.codegen.utils.PathBuilderTest" time="0.024"/>
  <testcase name="buildsPathWithMultipleSameSubstitutions" classname="com.generation.tools.codegen.utils.PathBuilderTest" time="0.001"/>
  <testcase name="buildsPathWithSubstitutionFollowedBySpecialCharacter" classname="com.generation.tools.codegen.utils.PathBuilderTest" time="0.001"/>
  <testcase name="buildsPathWithMultipleSubstitutionsFollowedByDifferentCharacters" classname="com.generation.tools.codegen.utils.PathBuilderTest" time="0.0"/>
  <testcase name="buildsPathWithSubstitutionNotSurroundedBySlashes" classname="com.generation.tools.codegen.utils.PathBuilderTest" time="0.001"/>
  <testcase name="buildsPathWithSubstitutionValueContainingSpecialCharacter" classname="com.generation.tools.codegen.utils.PathBuilderTest" time="0.001"/>
  <testcase name="buildsPathWithSubstitutionFollowedByDot" classname="com.generation.tools.codegen.utils.PathBuilderTest" time="0.001"/>
  <testcase name="buildsPathWithSubstitutionFollowedBySpecialAndAlphanumericCharacters" classname="com.generation.tools.codegen.utils.PathBuilderTest" time="0.001"/>
  <testcase name="buildsPathWithSubstitutionContainingBothBraces" classname="com.generation.tools.codegen.utils.PathBuilderTest" time="0.005"/>
  <testcase name="buildsPathWithSubstitutionFollowedBySpecialAlphanumericUnicodeCharactersAndSpaces" classname="com.generation.tools.codegen.utils.PathBuilderTest" time="0.0"/>
  <testcase name="buildsPathWithEmptySubstitutionValue" classname="com.generation.tools.codegen.utils.PathBuilderTest" time="0.002"/>
  <testcase name="buildsPathWithMultipleSubstitutions" classname="com.generation.tools.codegen.utils.PathBuilderTest" time="0.001"/>
  <testcase name="buildsPathWithSubstitutionFollowedByQuestionMark" classname="com.generation.tools.codegen.utils.PathBuilderTest" time="0.0"/>
  <testcase name="buildsPathWithoutProtocolWithQueryParameters" classname="com.generation.tools.codegen.utils.PathBuilderTest" time="0.0"/>
  <testcase name="buildsPathWithoutProtocolWithSubstitutionsAndQueryParameters" classname="com.generation.tools.codegen.utils.PathBuilderTest" time="0.0"/>
  <testcase name="buildsPathWithQueryParameters" classname="com.generation.tools.codegen.utils.PathBuilderTest" time="0.001"/>
  <testcase name="buildsPathWithMissingSubstitution" classname="com.generation.tools.codegen.utils.PathBuilderTest" time="0.001"/>
  <testcase name="buildsPathWithSubstitutionFollowedBySpecialAlphanumericAndUnicodeCharacters" classname="com.generation.tools.codegen.utils.PathBuilderTest" time="0.001"/>
  <testcase name="buildsPathWithSubstitutionFollowedByUnderscore" classname="com.generation.tools.codegen.utils.PathBuilderTest" time="0.0"/>
  <testcase name="buildsPathWithSubstitutionFollowedByColon" classname="com.generation.tools.codegen.utils.PathBuilderTest" time="0.0"/>
  <testcase name="buildsPathWithSubstitutionFollowedBySlash" classname="com.generation.tools.codegen.utils.PathBuilderTest" time="0.0"/>
  <testcase name="buildsPathWithSubstitutionFollowedBySpace" classname="com.generation.tools.codegen.utils.PathBuilderTest" time="0.0"/>
  <testcase name="buildsPathWithNoQueryParameters" classname="com.generation.tools.codegen.utils.PathBuilderTest" time="0.0"/>
  <testcase name="buildsPathWithPathSubstitution" classname="com.generation.tools.codegen.utils.PathBuilderTest" time="0.0"/>
  <testcase name="buildsPathWithoutProtocolWithNoSubstitutions" classname="com.generation.tools.codegen.utils.PathBuilderTest" time="0.001"/>
  <testcase name="buildsPathWithMissingQueryParameter" classname="com.generation.tools.codegen.utils.PathBuilderTest" time="0.001"/>
  <testcase name="buildsPathWithSubstitutionFollowedByHyphen" classname="com.generation.tools.codegen.utils.PathBuilderTest" time="0.0"/>
  <testcase name="buildsPathWithNoSubstitutions" classname="com.generation.tools.codegen.utils.PathBuilderTest" time="0.0"/>
  <testcase name="buildsPathWithSubstitutionFollowedByLetter" classname="com.generation.tools.codegen.utils.PathBuilderTest" time="0.001"/>
  <testcase name="buildsPathWithSubstitutionFollowedByNumber" classname="com.generation.tools.codegen.utils.PathBuilderTest" time="0.001"/>
  <testcase name="buildsPathWithHostSubstitution" classname="com.generation.tools.codegen.utils.PathBuilderTest" time="0.0"/>
  <testcase name="buildsPathWithEmptySubstitutions" classname="com.generation.tools.codegen.utils.PathBuilderTest" time="0.0"/>
  <testcase name="buildsPathWithSubstitutionFollowedByPlus" classname="com.generation.tools.codegen.utils.PathBuilderTest" time="0.0"/>
  <testcase name="buildsPathWithMultipleSubstitutionsAndQueryParameters" classname="com.generation.tools.codegen.utils.PathBuilderTest" time="0.0"/>
  <testcase name="buildsPathWithMultipleSameQueryParameters" classname="com.generation.tools.codegen.utils.PathBuilderTest" time="0.001"/>
  <testcase name="buildsPathWithSubstitutionContainingClosingBrace" classname="com.generation.tools.codegen.utils.PathBuilderTest" time="0.001"/>
  <testcase name="buildsPathWithClashingSubstitutionNames" classname="com.generation.tools.codegen.utils.PathBuilderTest" time="0.002"/>
  <testcase name="buildsPathWithoutProtocolWithSubstitutions" classname="com.generation.tools.codegen.utils.PathBuilderTest" time="0.001"/>
  <testcase name="buildsPathWithSubstitutionFollowedByUnicodeCharacter" classname="com.generation.tools.codegen.utils.PathBuilderTest" time="0.001"/>
  <testcase name="buildsPathWithMultipleQueryParameters" classname="com.generation.tools.codegen.utils.PathBuilderTest" time="0.001"/>
  <testcase name="buildsPathWithEmptyQueryParameterValue" classname="com.generation.tools.codegen.utils.PathBuilderTest" time="0.002"/>
  <testcase name="buildsPathWithSubstitutionContainingMultipleBraces" classname="com.generation.tools.codegen.utils.PathBuilderTest" time="0.001"/>
  <testcase name="buildsPathWithNullSubstitutions" classname="com.generation.tools.codegen.utils.PathBuilderTest" time="0.0"/>
</testsuite>